ιεπ 09, 2014 3:52:29 PM server.reactor.Reactor main
INFO: Forum system is Ready to go on port 1000
ιεπ 09, 2014 3:52:37 PM server.reactor.Reactor run
INFO: Accepting a connection
ιεπ 09, 2014 3:52:37 PM server.reactor.Reactor run
INFO: Channel is ready for reading
ιεπ 09, 2014 3:52:37 PM server.reactor.ConnectionHandler read
INFO: Reading from /192.168.1.104:35407
ιεπ 09, 2014 3:52:37 PM server.reactor.Reactor run
INFO: Channel is ready for writing
ιεπ 09, 2014 3:52:37 PM server.reactor.Reactor run
INFO: Channel is ready for writing
ιεπ 09, 2014 3:52:37 PM server.reactor.Reactor run
INFO: Channel is ready for writing
ιεπ 09, 2014 3:52:40 PM server.reactor.Reactor run
INFO: Channel is ready for reading
ιεπ 09, 2014 3:52:40 PM server.reactor.ConnectionHandler read
INFO: Reading from /192.168.1.104:35407
ιεπ 09, 2014 3:52:40 PM server.reactor.Reactor run
INFO: Channel is ready for writing
ιεπ 09, 2014 3:52:40 PM server.reactor.Reactor run
INFO: Channel is ready for writing
ιεπ 09, 2014 3:52:40 PM server.reactor.Reactor run
INFO: Channel is ready for reading
ιεπ 09, 2014 3:52:40 PM server.reactor.ConnectionHandler read
INFO: Reading from /192.168.1.104:35407
ιεπ 09, 2014 3:52:40 PM server.reactor.Reactor run
INFO: Channel is ready for writing
ιεπ 09, 2014 3:52:40 PM server.reactor.Reactor run
INFO: Channel is ready for writing
ιεπ 09, 2014 3:52:40 PM server.reactor.Reactor run
INFO: Channel is ready for writing
ιεπ 09, 2014 3:52:40 PM server.reactor.Reactor run
INFO: Channel is ready for reading
ιεπ 09, 2014 3:52:40 PM server.reactor.ConnectionHandler read
INFO: Reading from /192.168.1.104:35407
ιεπ 09, 2014 3:52:40 PM server.reactor.Reactor run
INFO: Channel is ready for writing
ιεπ 09, 2014 3:52:40 PM server.reactor.Reactor run
INFO: Channel is ready for writing
ιεπ 09, 2014 3:52:42 PM server.reactor.Reactor run
INFO: Channel is ready for reading
ιεπ 09, 2014 3:52:42 PM server.reactor.ConnectionHandler read
INFO: Reading from /192.168.1.104:35407
ιεπ 09, 2014 3:52:42 PM server.reactor.Reactor run
INFO: Channel is ready for writing
ιεπ 09, 2014 3:52:42 PM server.reactor.Reactor run
INFO: Channel is ready for writing
ιεπ 09, 2014 3:52:47 PM server.reactor.Reactor run
INFO: Channel is ready for reading
ιεπ 09, 2014 3:52:47 PM server.reactor.ConnectionHandler read
INFO: Reading from /192.168.1.104:35407
ιεπ 09, 2014 3:52:47 PM server.reactor.Reactor run
INFO: Channel is ready for writing
ιεπ 09, 2014 3:52:47 PM server.reactor.Reactor run
INFO: Channel is ready for writing
ιεπ 09, 2014 3:52:47 PM server.reactor.Reactor run
INFO: Channel is ready for writing
ιεπ 09, 2014 3:52:47 PM server.reactor.Reactor run
INFO: Channel is ready for reading
ιεπ 09, 2014 3:52:47 PM server.reactor.ConnectionHandler read
INFO: Reading from /192.168.1.104:35407
ιεπ 09, 2014 3:52:47 PM server.reactor.Reactor run
INFO: Channel is ready for writing
ιεπ 09, 2014 3:52:47 PM server.reactor.Reactor run
INFO: Channel is ready for writing
ιεπ 09, 2014 3:52:59 PM server.reactor.Reactor run
INFO: Channel is ready for reading
ιεπ 09, 2014 3:52:59 PM server.reactor.ConnectionHandler read
INFO: Reading from /192.168.1.104:35407
ιεπ 09, 2014 3:52:59 PM server.reactor.Reactor run
INFO: Channel is ready for writing
ιεπ 09, 2014 3:52:59 PM server.reactor.Reactor run
INFO: Channel is ready for writing
ιεπ 09, 2014 3:53:02 PM server.reactor.Reactor run
INFO: Channel is ready for reading
ιεπ 09, 2014 3:53:02 PM server.reactor.ConnectionHandler read
INFO: Reading from /192.168.1.104:35407
ιεπ 09, 2014 3:53:02 PM server.reactor.ConnectionHandler read
INFO: client on /192.168.1.104:35407 has disconnected
ιεπ 09, 2014 3:53:25 PM server.reactor.Reactor run
INFO: Accepting a connection
ιεπ 09, 2014 3:53:25 PM server.reactor.Reactor run
INFO: Channel is ready for reading
ιεπ 09, 2014 3:53:25 PM server.reactor.ConnectionHandler read
INFO: Reading from /192.168.1.104:35823
ιεπ 09, 2014 3:53:25 PM server.reactor.Reactor run
INFO: Channel is ready for writing
ιεπ 09, 2014 3:53:25 PM server.reactor.Reactor run
INFO: Channel is ready for writing
ιεπ 09, 2014 3:53:25 PM server.reactor.Reactor run
INFO: Channel is ready for writing
ιεπ 09, 2014 3:53:29 PM server.reactor.Reactor run
INFO: Channel is ready for reading
ιεπ 09, 2014 3:53:29 PM server.reactor.ConnectionHandler read
INFO: Reading from /192.168.1.104:35823
ιεπ 09, 2014 3:53:29 PM server.reactor.Reactor run
INFO: Channel is ready for writing
ιεπ 09, 2014 3:53:29 PM server.reactor.Reactor run
INFO: Channel is ready for writing
ιεπ 09, 2014 3:53:29 PM server.reactor.Reactor run
INFO: Channel is ready for writing
ιεπ 09, 2014 3:53:29 PM server.reactor.Reactor run
INFO: Channel is ready for reading
ιεπ 09, 2014 3:53:29 PM server.reactor.ConnectionHandler read
INFO: Reading from /192.168.1.104:35823
ιεπ 09, 2014 3:53:29 PM server.reactor.Reactor run
INFO: Channel is ready for writing
ιεπ 09, 2014 3:53:29 PM server.reactor.Reactor run
INFO: Channel is ready for writing
ιεπ 09, 2014 3:53:30 PM server.reactor.Reactor run
INFO: Channel is ready for reading
ιεπ 09, 2014 3:53:30 PM server.reactor.ConnectionHandler read
INFO: Reading from /192.168.1.104:35823
ιεπ 09, 2014 3:53:30 PM server.reactor.Reactor run
INFO: Channel is ready for writing
ιεπ 09, 2014 3:53:30 PM server.reactor.Reactor run
INFO: Channel is ready for writing
ιεπ 09, 2014 3:53:31 PM server.reactor.Reactor run
INFO: Channel is ready for reading
ιεπ 09, 2014 3:53:31 PM server.reactor.ConnectionHandler read
INFO: Reading from /192.168.1.104:35823
ιεπ 09, 2014 3:53:31 PM server.reactor.Reactor run
INFO: Channel is ready for writing
ιεπ 09, 2014 3:53:31 PM server.reactor.Reactor run
INFO: Channel is ready for writing
ιεπ 09, 2014 3:53:33 PM server.reactor.Reactor run
INFO: Channel is ready for reading
ιεπ 09, 2014 3:53:33 PM server.reactor.ConnectionHandler read
INFO: Reading from /192.168.1.104:35823
ιεπ 09, 2014 3:53:33 PM server.reactor.Reactor run
INFO: Channel is ready for writing
ιεπ 09, 2014 3:53:33 PM server.reactor.Reactor run
INFO: Channel is ready for writing
ιεπ 09, 2014 3:56:37 PM server.reactor.Reactor run
INFO: Channel is ready for reading
ιεπ 09, 2014 3:56:37 PM server.reactor.ConnectionHandler read
INFO: Reading from /192.168.1.104:35823
ιεπ 09, 2014 3:56:37 PM server.reactor.ConnectionHandler read
INFO: client on /192.168.1.104:35823 has disconnected
ιεπ 09, 2014 3:57:04 PM server.reactor.Reactor run
INFO: Accepting a connection
ιεπ 09, 2014 3:57:04 PM server.reactor.Reactor run
INFO: Channel is ready for writing
ιεπ 09, 2014 3:57:04 PM server.reactor.Reactor run
INFO: Channel is ready for reading
ιεπ 09, 2014 3:57:04 PM server.reactor.ConnectionHandler read
INFO: Reading from /192.168.1.104:39340
ιεπ 09, 2014 3:57:04 PM server.reactor.Reactor run
INFO: Channel is ready for writing
ιεπ 09, 2014 3:57:04 PM server.reactor.Reactor run
INFO: Channel is ready for writing
ιεπ 09, 2014 3:57:05 PM server.reactor.Reactor run
INFO: Channel is ready for reading
ιεπ 09, 2014 3:57:05 PM server.reactor.ConnectionHandler read
INFO: Reading from /192.168.1.104:39340
ιεπ 09, 2014 3:57:05 PM server.reactor.Reactor run
INFO: Channel is ready for writing
ιεπ 09, 2014 3:57:05 PM server.reactor.Reactor run
INFO: Channel is ready for writing
ιεπ 09, 2014 3:57:05 PM server.reactor.Reactor run
INFO: Channel is ready for reading
ιεπ 09, 2014 3:57:05 PM server.reactor.ConnectionHandler read
INFO: Reading from /192.168.1.104:39340
ιεπ 09, 2014 3:57:05 PM server.reactor.Reactor run
INFO: Channel is ready for writing
ιεπ 09, 2014 3:57:05 PM server.reactor.Reactor run
INFO: Channel is ready for writing
ιεπ 09, 2014 3:57:05 PM server.reactor.Reactor run
INFO: Channel is ready for writing
ιεπ 09, 2014 3:57:05 PM server.reactor.Reactor run
INFO: Channel is ready for reading
ιεπ 09, 2014 3:57:05 PM server.reactor.ConnectionHandler read
INFO: Reading from /192.168.1.104:39340
ιεπ 09, 2014 3:57:05 PM server.reactor.Reactor run
INFO: Channel is ready for writing
ιεπ 09, 2014 3:57:05 PM server.reactor.Reactor run
INFO: Channel is ready for writing
ιεπ 09, 2014 3:57:06 PM server.reactor.Reactor run
INFO: Channel is ready for reading
ιεπ 09, 2014 3:57:06 PM server.reactor.ConnectionHandler read
INFO: Reading from /192.168.1.104:39340
ιεπ 09, 2014 3:57:06 PM server.reactor.Reactor run
INFO: Channel is ready for writing
ιεπ 09, 2014 3:57:06 PM server.reactor.Reactor run
INFO: Channel is ready for writing
ιεπ 09, 2014 3:57:07 PM server.reactor.Reactor run
INFO: Channel is ready for reading
ιεπ 09, 2014 3:57:07 PM server.reactor.ConnectionHandler read
INFO: Reading from /192.168.1.104:39340
ιεπ 09, 2014 3:57:07 PM server.reactor.Reactor run
INFO: Channel is ready for writing
ιεπ 09, 2014 3:57:07 PM server.reactor.Reactor run
INFO: Channel is ready for writing
ιεπ 09, 2014 3:57:08 PM server.reactor.Reactor run
INFO: Channel is ready for reading
ιεπ 09, 2014 3:57:08 PM server.reactor.ConnectionHandler read
INFO: Reading from /192.168.1.104:39340
ιεπ 09, 2014 3:57:08 PM server.reactor.Reactor run
INFO: Channel is ready for writing
ιεπ 09, 2014 3:57:08 PM server.reactor.Reactor run
INFO: Channel is ready for writing
ιεπ 09, 2014 3:57:13 PM server.reactor.Reactor run
INFO: Channel is ready for reading
ιεπ 09, 2014 3:57:13 PM server.reactor.ConnectionHandler read
INFO: Reading from /192.168.1.104:39340
ιεπ 09, 2014 3:57:13 PM server.reactor.Reactor run
INFO: Channel is ready for writing
ιεπ 09, 2014 3:57:13 PM server.reactor.Reactor run
INFO: Channel is ready for writing
ιεπ 09, 2014 3:57:13 PM server.reactor.Reactor run
INFO: Channel is ready for writing
ιεπ 09, 2014 3:57:13 PM server.reactor.Reactor run
INFO: Channel is ready for reading
ιεπ 09, 2014 3:57:13 PM server.reactor.ConnectionHandler read
INFO: Reading from /192.168.1.104:39340
ιεπ 09, 2014 3:57:13 PM server.reactor.Reactor run
INFO: Channel is ready for writing
ιεπ 09, 2014 3:57:13 PM server.reactor.Reactor run
INFO: Channel is ready for writing
ιεπ 09, 2014 3:57:15 PM server.reactor.Reactor run
INFO: Channel is ready for reading
ιεπ 09, 2014 3:57:15 PM server.reactor.ConnectionHandler read
INFO: Reading from /192.168.1.104:39340
ιεπ 09, 2014 3:57:15 PM server.reactor.Reactor run
INFO: Channel is ready for writing
ιεπ 09, 2014 3:57:15 PM server.reactor.Reactor run
INFO: Channel is ready for writing
ιεπ 09, 2014 3:57:18 PM server.reactor.Reactor run
INFO: Channel is ready for reading
ιεπ 09, 2014 3:57:18 PM server.reactor.ConnectionHandler read
INFO: Reading from /192.168.1.104:39340
ιεπ 09, 2014 3:57:18 PM server.reactor.Reactor run
INFO: Channel is ready for writing
ιεπ 09, 2014 3:57:18 PM server.reactor.Reactor run
INFO: Channel is ready for writing
ιεπ 09, 2014 3:57:18 PM server.reactor.Reactor run
INFO: Channel is ready for writing
ιεπ 09, 2014 4:07:55 PM server.reactor.Reactor run
INFO: Channel is ready for reading
ιεπ 09, 2014 4:07:55 PM server.reactor.ConnectionHandler read
INFO: Reading from /192.168.1.104:39340
ιεπ 09, 2014 4:07:55 PM server.reactor.ConnectionHandler read
INFO: client on /192.168.1.104:39340 has disconnected
ιεπ 09, 2014 4:08:00 PM server.reactor.Reactor run
INFO: Accepting a connection
ιεπ 09, 2014 4:08:00 PM server.reactor.Reactor run
INFO: Channel is ready for reading
ιεπ 09, 2014 4:08:00 PM server.reactor.ConnectionHandler read
INFO: Reading from /192.168.1.104:53315
ιεπ 09, 2014 4:08:00 PM server.reactor.Reactor run
INFO: Channel is ready for writing
ιεπ 09, 2014 4:08:00 PM server.reactor.Reactor run
INFO: Channel is ready for writing
ιεπ 09, 2014 4:08:00 PM server.reactor.Reactor run
INFO: Channel is ready for writing
ιεπ 09, 2014 4:08:05 PM server.reactor.Reactor run
INFO: Channel is ready for reading
ιεπ 09, 2014 4:08:05 PM server.reactor.ConnectionHandler read
INFO: Reading from /192.168.1.104:53315
ιεπ 09, 2014 4:08:05 PM server.reactor.Reactor run
INFO: Channel is ready for writing
ιεπ 09, 2014 4:08:05 PM server.reactor.Reactor run
INFO: Channel is ready for writing
ιεπ 09, 2014 4:08:06 PM server.reactor.Reactor run
INFO: Channel is ready for reading
ιεπ 09, 2014 4:08:06 PM server.reactor.ConnectionHandler read
INFO: Reading from /192.168.1.104:53315
ιεπ 09, 2014 4:08:06 PM server.reactor.Reactor run
INFO: Channel is ready for writing
ιεπ 09, 2014 4:08:06 PM server.reactor.Reactor run
INFO: Channel is ready for writing
ιεπ 09, 2014 4:08:06 PM server.reactor.Reactor run
INFO: Channel is ready for writing
ιεπ 09, 2014 4:08:06 PM server.reactor.Reactor run
INFO: Channel is ready for reading
ιεπ 09, 2014 4:08:06 PM server.reactor.ConnectionHandler read
INFO: Reading from /192.168.1.104:53315
ιεπ 09, 2014 4:08:06 PM server.reactor.Reactor run
INFO: Channel is ready for writing
ιεπ 09, 2014 4:08:06 PM server.reactor.Reactor run
INFO: Channel is ready for writing
